*** This is NuSMV 2.7.1 (compiled on (unknown))
*** Enabled addons are: compass
*** For more information on NuSMV see <http://nusmv.fbk.eu>
*** or email to <nusmv-users@list.fbk.eu>.
*** Please report bugs to <Please report bugs to <nusmv-users@fbk.eu>>

*** Copyright (c) 2010-2026, Fondazione Bruno Kessler

*** This version of NuSMV is linked to the CUDD library version 2.4.1
*** Copyright (c) 1995-2004, Regents of the University of Colorado

-- specification AG (src_trap -> AF opt_trap)  is false
-- as demonstrated by the following execution sequence
Trace Description: CTL Counterexample 
Trace Type: Counterexample 
  -> State: 1.1 <-
    a = 0
    src_pc = 0
    opt_pc = 0
    src_step = 0
    opt_step = 0
    src_done = FALSE
    opt_done = FALSE
    src_trap = FALSE
    opt_trap = FALSE
    src_out = 0
    opt_out = 0
    src_timeout = FALSE
    opt_timeout = FALSE
    src_t0 = 0
    opt_t0 = 0
  -> State: 1.2 <-
    src_pc = 1
    opt_pc = 1
    src_step = 1
    opt_step = 1
    src_trap = TRUE
    opt_t0 = 1
  -- Loop starts here
  -> State: 1.3 <-
    opt_pc = 2
    opt_step = 2
    src_done = TRUE
    opt_done = TRUE
    opt_out = 1
  -> State: 1.4 <-
-- specification AG (opt_trap -> AF src_trap)  is true
-- specification AF ((src_done | src_trap) & (opt_done | opt_trap))  is true
-- specification AG !(src_timeout | opt_timeout)  is true
-- specification AG ((src_done & opt_done) -> src_out = opt_out)  is false
-- as demonstrated by the following execution sequence
Trace Description: CTL Counterexample 
Trace Type: Counterexample 
  -> State: 2.1 <-
    a = 0
    src_pc = 0
    opt_pc = 0
    src_step = 0
    opt_step = 0
    src_done = FALSE
    opt_done = FALSE
    src_trap = FALSE
    opt_trap = FALSE
    src_out = 0
    opt_out = 0
    src_timeout = FALSE
    opt_timeout = FALSE
    src_t0 = 0
    opt_t0 = 0
  -> State: 2.2 <-
    src_pc = 1
    opt_pc = 1
    src_step = 1
    opt_step = 1
    src_trap = TRUE
    opt_t0 = 1
  -> State: 2.3 <-
    opt_pc = 2
    opt_step = 2
    src_done = TRUE
    opt_done = TRUE
    opt_out = 1
-- specification AG (((src_done | src_trap) & (opt_done | opt_trap)) -> (((src_done & opt_done) & src_out = opt_out) | (src_trap & opt_trap)))  is false
-- as demonstrated by the following execution sequence
Trace Description: CTL Counterexample 
Trace Type: Counterexample 
  -> State: 3.1 <-
    a = 0
    src_pc = 0
    opt_pc = 0
    src_step = 0
    opt_step = 0
    src_done = FALSE
    opt_done = FALSE
    src_trap = FALSE
    opt_trap = FALSE
    src_out = 0
    opt_out = 0
    src_timeout = FALSE
    opt_timeout = FALSE
    src_t0 = 0
    opt_t0 = 0
  -> State: 3.2 <-
    src_pc = 1
    opt_pc = 1
    src_step = 1
    opt_step = 1
    src_trap = TRUE
    opt_t0 = 1
  -> State: 3.3 <-
    opt_pc = 2
    opt_step = 2
    src_done = TRUE
    opt_done = TRUE
    opt_out = 1
